[09-05-2023] [01:05:11] self.ser is not a serial.Serial object, it's <class 'NoneType'>
[09-05-2023] [01:05:12] self.ser is not a serial.Serial object, it's <class 'NoneType'>
[09-05-2023] [01:33:01] byref() argument must be a ctypes instance, not 'NoneType'
[09-05-2023] [01:33:01] Attempting to use a port that is not open
[09-05-2023] [02:30:02] Attempting to use a port that is not open
[09-05-2023] [02:30:17] Attempting to use a port that is not open
[09-05-2023] [02:30:21] Attempting to use a port that is not open
[09-05-2023] [02:30:33] could not open port 'COM2': PermissionError(13, '拒绝访问。', None, 5)
[09-05-2023] [02:30:33] could not open port 'COM2': PermissionError(13, '拒绝访问。', None, 5)
[09-05-2023] [02:30:34] could not open port 'COM2': PermissionError(13, '拒绝访问。', None, 5)
[09-05-2023] [02:30:34] could not open port 'COM2': PermissionError(13, '拒绝访问。', None, 5)
[09-05-2023] [02:30:35] could not open port 'COM2': PermissionError(13, '拒绝访问。', None, 5)
[09-05-2023] [02:30:35] could not open port 'COM2': PermissionError(13, '拒绝访问。', None, 5)
[09-05-2023] [02:30:36] could not open port 'COM2': PermissionError(13, '拒绝访问。', None, 5)
[09-05-2023] [02:30:36] could not open port 'COM2': PermissionError(13, '拒绝访问。', None, 5)
[09-05-2023] [02:30:37] could not open port 'COM2': PermissionError(13, '拒绝访问。', None, 5)
[09-05-2023] [02:30:37] could not open port 'COM2': PermissionError(13, '拒绝访问。', None, 5)
[09-05-2023] [02:30:38] could not open port 'COM2': PermissionError(13, '拒绝访问。', None, 5)
[09-05-2023] [02:30:38] could not open port 'COM2': PermissionError(13, '拒绝访问。', None, 5)
[09-05-2023] [02:30:39] could not open port 'COM2': PermissionError(13, '拒绝访问。', None, 5)
[09-05-2023] [02:30:39] could not open port 'COM2': PermissionError(13, '拒绝访问。', None, 5)
[09-05-2023] [02:30:40] could not open port 'COM2': PermissionError(13, '拒绝访问。', None, 5)
[09-05-2023] [02:30:40] could not open port 'COM2': PermissionError(13, '拒绝访问。', None, 5)
[09-05-2023] [02:30:41] could not open port 'COM2': PermissionError(13, '拒绝访问。', None, 5)
[09-05-2023] [02:30:41] could not open port 'COM2': PermissionError(13, '拒绝访问。', None, 5)
[09-05-2023] [20:35:46] Attempting to use a port that is not open
[09-05-2023] [21:58:01] Expecting value: line 1 column 2 (char 1)
[09-05-2023] [22:24:59] self.ser is not a serial.Serial object, it's <class 'NoneType'>
